Timestamp: 2025-09-20 22:24:28
To: vendas@test.com
Subject: Lead Accepted!
Body: Dear John,

Your lead for Plumbing in Sydney CBD has been accepted. The final price is $250.00.

Regards,
Lead Management Team
---

Timestamp: 2025-09-20 22:24:31
To: vendas@test.com
Subject: Lead Accepted!
Body: Dear Sarah,

Your lead for Electrical in Melbourne has been accepted. The final price is $675.00.

Regards,
Lead Management Team
---

Timestamp: 2025-09-20 22:24:35
To: vendas@test.com
Subject: Lead Accepted!
Body: Dear Emma,

Your lead for Painting in Perth has been accepted. The final price is $450.00.

Regards,
Lead Management Team
---

Timestamp: 2025-09-21 02:13:31
To: vendas@test.com
Subject: Lead Accepted!
Body: Dear Sarah,

Your lead for Electrical in Melbourne has been accepted. The final price is $675.00.

Regards,
Lead Management Team
---

Timestamp: 2025-09-21 02:13:32
To: vendas@test.com
Subject: Lead Accepted!
Body: Dear Emma,

Your lead for Painting in Perth has been accepted. The final price is $450.00.

Regards,
Lead Management Team
---

Timestamp: 2025-09-21 02:13:33
To: vendas@test.com
Subject: Lead Accepted!
Body: Dear John,

Your lead for Plumbing in Sydney CBD has been accepted. The final price is $250.00.

Regards,
Lead Management Team
---

Timestamp: 2025-09-21 02:15:59
To: vendas@test.com
Subject: Lead Accepted!
Body: Dear Sarah,

Your lead for Electrical in Melbourne has been accepted. The final price is $675.00.

Regards,
Lead Management Team
---

